2
2
7

4
2
5
8
10

4
2
11
22
25

92
77
110
278
325
451
641
669
716
790
912
1163
1177
1266
1279
1390
1504
1894
2753
3109
3188
3374
3637
3668
3717
4082
4366
4462
4670
4799
4819
4898
4998
5019
5207
5237
5294
5389
5854
6124
6174
6286
6294
6454
6466
6538
6620
6810
6848
6990
7014
7064
7182
7307
7405
7439
7614
7760
8351
8609
8623
8649
8706
8803
8811
8931
9058
9088
9241
9300
9484
9591
9922
10298
10493
10498
10548
10701
10762
11366
11372
11436
11451
11574
11596
11614
11644
11771
11775
11964
12016
12218
12245
